# JRE version: OpenJDK Runtime Environment (21.0.8) (build 21.0.8+-14196175-b1038.72)
# Java VM: OpenJDK 64-Bit Server VM (21.0.8+-14196175-b1038.72, mixed mode, tiered, compressed oops, compressed class ptrs, g1 gc, windows-amd64)
GC Precious Log:
 CardTable entry size: 512
 Card Set container configuration: InlinePtr #cards 4 size 8 Array Of Cards #cards 16 size 48 Howl #buckets 8 coarsen threshold 3686 Howl Bitmap #cards 512 size 80 coarsen threshold 460 Card regions per heap region 1 cards per card region 4096
 CPUs: 16 total, 16 available
 Memory: 16166M
 Large Page Support: Disabled
 NUMA Support: Disabled
 Compressed Oops: Enabled (Zero based)
 Heap Region Size: 2M
 Heap Min Capacity: 8M
 Heap Initial Capacity: 254M
 Heap Max Capacity: 4G
 Pre-touch: Disabled
 Parallel Workers: 13
 Concurrent Workers: 3
 Concurrent Refinement Workers: 13
 Periodic GC: Disabled
Heap:
 garbage-first heap   total 546816K, used 306933K [0x0000000700000000, 0x0000000800000000)
  region size 2048K, 7 young (14336K), 7 survivors (14336K)
 Metaspace       used 156730K, committed 159040K, reserved 1245184K
  class space    used 20398K, committed 21568K, reserved 1048576K
GC Heap History (20 events):
Event: 24.124 GC heap after
{Heap after GC invocations=47 (full 0):
 garbage-first heap   total 540672K, used 229836K [0x0000000700000000, 0x0000000800000000)
  region size 2048K, 17 young (34816K), 17 survivors (34816K)
 Metaspace       used 112176K, committed 114176K, reserved 1179648K
  class space    used 15240K, committed 16192K, reserved 1048576K
}
Event: 24.149 GC heap before
{Heap before GC invocations=47 (full 0):
 garbage-first heap   total 540672K, used 231884K [0x0000000700000000, 0x0000000800000000)
  region size 2048K, 19 young (38912K), 17 survivors (34816K)
 Metaspace       used 112456K, committed 114496K, reserved 1179648K
  class space    used 15266K, committed 16256K, reserved 1048576K
}
Event: 24.161 GC heap after
{Heap after GC invocations=48 (full 0):
 garbage-first heap   total 540672K, used 231069K [0x0000000700000000, 0x0000000800000000)
  region size 2048K, 8 young (16384K), 8 survivors (16384K)
 Metaspace       used 112456K, committed 114496K, reserved 1179648K
  class space    used 15266K, committed 16256K, reserved 1048576K
}
Event: 26.492 GC heap before
{Heap before GC invocations=49 (full 0):
 garbage-first heap   total 540672K, used 493213K [0x0000000700000000, 0x0000000800000000)
  region size 2048K, 136 young (278528K), 8 survivors (16384K)
 Metaspace       used 137550K, committed 139712K, reserved 1179648K
  class space    used 18020K, committed 19072K, reserved 1048576K
}
Event: 26.506 GC heap after
{Heap after GC invocations=50 (full 0):
 garbage-first heap   total 540672K, used 246525K [0x0000000700000000, 0x0000000800000000)
  region size 2048K, 15 young (30720K), 15 survivors (30720K)
 Metaspace       used 137550K, committed 139712K, reserved 1179648K
  class space    used 18020K, committed 19072K, reserved 1048576K
}
Event: 45.612 GC heap before
{Heap before GC invocations=50 (full 0):
 garbage-first heap   total 540672K, used 477949K [0x0000000700000000, 0x0000000800000000)
  region size 2048K, 129 young (264192K), 15 survivors (30720K)
 Metaspace       used 156160K, committed 158528K, reserved 1245184K
  class space    used 20403K, committed 21568K, reserved 1048576K
}
Event: 45.632 GC heap after
{Heap after GC invocations=51 (full 0):
 garbage-first heap   total 540672K, used 254847K [0x0000000700000000, 0x0000000800000000)
  region size 2048K, 14 young (28672K), 14 survivors (28672K)
 Metaspace       used 156160K, committed 158528K, reserved 1245184K
  class space    used 20403K, committed 21568K, reserved 1048576K
}
Event: 45.729 GC heap before
{Heap before GC invocations=51 (full 0):
 garbage-first heap   total 540672K, used 271231K [0x0000000700000000, 0x0000000800000000)
  region size 2048K, 23 young (47104K), 14 survivors (28672K)
 Metaspace       used 156229K, committed 158592K, reserved 1245184K
  class space    used 20407K, committed 21568K, reserved 1048576K
}
Event: 45.741 GC heap after
{Heap after GC invocations=52 (full 0):
 garbage-first heap   total 540672K, used 256228K [0x0000000700000000, 0x0000000800000000)
  region size 2048K, 9 young (18432K), 9 survivors (18432K)
 Metaspace       used 156229K, committed 158592K, reserved 1245184K
  class space    used 20407K, committed 21568K, reserved 1048576K
}
Event: 46.299 GC heap before
{Heap before GC invocations=53 (full 0):
 garbage-first heap   total 540672K, used 491748K [0x0000000700000000, 0x0000000800000000)
  region size 2048K, 124 young (253952K), 9 survivors (18432K)
 Metaspace       used 156263K, committed 158656K, reserved 1245184K
  class space    used 20396K, committed 21568K, reserved 1048576K
}
Event: 46.310 GC heap after
{Heap after GC invocations=54 (full 0):
 garbage-first heap   total 540672K, used 267241K [0x0000000700000000, 0x0000000800000000)
  region size 2048K, 13 young (26624K), 13 survivors (26624K)
 Metaspace       used 156263K, committed 158656K, reserved 1245184K
  class space    used 20396K, committed 21568K, reserved 1048576K
}
Event: 46.970 GC heap before
{Heap before GC invocations=54 (full 0):
 garbage-first heap   total 540672K, used 482281K [0x0000000700000000, 0x0000000800000000)
  region size 2048K, 119 young (243712K), 13 survivors (26624K)
 Metaspace       used 156436K, committed 158784K, reserved 1245184K
  class space    used 20398K, committed 21568K, reserved 1048576K
}
Event: 47.009 GC heap after
{Heap after GC invocations=55 (full 0):
 garbage-first heap   total 546816K, used 291032K [0x0000000700000000, 0x0000000800000000)
  region size 2048K, 15 young (30720K), 15 survivors (30720K)
 Metaspace       used 156436K, committed 158784K, reserved 1245184K
  class space    used 20398K, committed 21568K, reserved 1048576K
}
Event: 47.123 GC heap before
{Heap before GC invocations=55 (full 0):
 garbage-first heap   total 546816K, used 317656K [0x0000000700000000, 0x0000000800000000)
  region size 2048K, 29 young (59392K), 15 survivors (30720K)
 Metaspace       used 156466K, committed 158848K, reserved 1245184K
  class space    used 20398K, committed 21568K, reserved 1048576K
}
Event: 47.140 GC heap after
{Heap after GC invocations=56 (full 0):
 garbage-first heap   total 546816K, used 299110K [0x0000000700000000, 0x0000000800000000)
  region size 2048K, 4 young (8192K), 4 survivors (8192K)
 Metaspace       used 156466K, committed 158848K, reserved 1245184K
  class space    used 20398K, committed 21568K, reserved 1048576K
}
Event: 47.714 GC heap before
{Heap before GC invocations=57 (full 0):
 garbage-first heap   total 546816K, used 489574K [0x0000000700000000, 0x0000000800000000)
  region size 2048K, 97 young (198656K), 4 survivors (8192K)
 Metaspace       used 156710K, committed 159040K, reserved 1245184K
  class space    used 20398K, committed 21568K, reserved 1048576K
}
Event: 47.726 GC heap after
{Heap after GC invocations=58 (full 0):
 garbage-first heap   total 546816K, used 309139K [0x0000000700000000, 0x0000000800000000)
  region size 2048K, 8 young (16384K), 8 survivors (16384K)
 Metaspace       used 156710K, committed 159040K, reserved 1245184K
  class space    used 20398K, committed 21568K, reserved 1048576K
}
Event: 48.078 GC heap before
{Heap before GC invocations=58 (full 0):
 garbage-first heap   total 546816K, used 493459K [0x0000000700000000, 0x0000000800000000)
  region size 2048K, 99 young (202752K), 8 survivors (16384K)
 Metaspace       used 156727K, committed 159040K, reserved 1245184K
  class space    used 20398K, committed 21568K, reserved 1048576K
}
Event: 48.088 GC heap after
{Heap after GC invocations=59 (full 0):
 garbage-first heap   total 546816K, used 306873K [0x0000000700000000, 0x0000000800000000)
  region size 2048K, 7 young (14336K), 7 survivors (14336K)
 Metaspace       used 156727K, committed 159040K, reserved 1245184K
  class space    used 20398K, committed 21568K, reserved 1048576K
}
Event: 48.576 GC heap before
{Heap before GC invocations=59 (full 0):
 garbage-first heap   total 546816K, used 501433K [0x0000000700000000, 0x0000000800000000)
  region size 2048K, 103 young (210944K), 7 survivors (14336K)
 Metaspace       used 156730K, committed 159040K, reserved 1245184K
  class space    used 20398K, committed 21568K, reserved 1048576K
}

